<?xml version="1.0" encoding="UTF-8"?>
<!-- Generated by org.testng.reporters.JUnitReportReporter -->
<testsuite hostname="DESKTOP-30I1BLI" failures="0" tests="1" name="GowriPrabhu.Test.PO_CreationUsing_HashMap" time="72.578" errors="0" timestamp="2025-03-05T13:35:56 IST" skipped="0">
  <testcase classname="GowriPrabhu.Test.PO_CreationUsing_HashMap" name="CreatePurchaseOrder" time="72.578"/>
</testsuite> <!-- GowriPrabhu.Test.PO_CreationUsing_HashMap -->
