<?xml version="1.0" encoding="UTF-8"?>
<!-- Generated by org.testng.reporters.JUnitReportReporter -->
<testsuite hostname="DESKTOP-30I1BLI" failures="0" tests="3" name="GowriPrabhu.Test.Onboarding" time="0.041" errors="0" timestamp="2025-03-29T21:18:29 IST" skipped="0">
  <testcase classname="GowriPrabhu.Test.Onboarding" name="testCaseData" time="0.009"/>
  <testcase classname="GowriPrabhu.Test.Onboarding" name="testCaseData" time="0.028"/>
  <testcase classname="GowriPrabhu.Test.Onboarding" name="testCaseData" time="0.004"/>
</testsuite> <!-- GowriPrabhu.Test.Onboarding -->
