<?xml version="1.0" encoding="UTF-8"?>
<!-- Generated by org.testng.reporters.JUnitReportReporter -->
<testsuite hostname="DESKTOP-30I1BLI" failures="0" tests="1" name="GowriPrabhu.Test.ErrorValidations" time="4.179" errors="0" timestamp="2025-02-06T14:45:49 IST" skipped="0">
  <testcase classname="GowriPrabhu.Test.ErrorValidations" name="submitOrder" time="4.179"/>
</testsuite> <!-- GowriPrabhu.Test.ErrorValidations -->
