<?xml version="1.0" encoding="UTF-8"?>
<!-- Generated by org.testng.reporters.JUnitReportReporter -->
<testsuite hostname="DESKTOP-30I1BLI" failures="0" tests="1" name="GowriPrabhu.Test.SubmitOrderTest" time="12.720" errors="0" timestamp="2025-02-09T21:27:29 IST" skipped="0">
  <testcase classname="GowriPrabhu.Test.SubmitOrderTest" name="submitOrder" time="12.720"/>
</testsuite> <!-- GowriPrabhu.Test.SubmitOrderTest -->
