<?xml version="1.0" encoding="UTF-8"?>
<!-- Generated by org.testng.reporters.JUnitReportReporter -->
<testsuite hostname="DESKTOP-30I1BLI" failures="0" tests="3" name="GowriPrabhu.Test.PO_CreationUsing_JsonData" time="89.239" errors="0" timestamp="2025-03-13T18:07:12 IST" skipped="0">
  <testcase classname="GowriPrabhu.Test.PO_CreationUsing_JsonData" name="CreatePurchaseOrder" time="54.591"/>
  <testcase classname="GowriPrabhu.Test.PO_CreationUsing_JsonData" name="LoginAsCPandConfirmDirectly" time="18.685"/>
  <testcase classname="GowriPrabhu.Test.PO_CreationUsing_JsonData" name="Branch_Manage_Approval" time="15.963"/>
</testsuite> <!-- GowriPrabhu.Test.PO_CreationUsing_JsonData -->
