<?xml version="1.0" encoding="UTF-8"?>
<!-- Generated by org.testng.reporters.JUnitReportReporter -->
<testsuite hostname="DESKTOP-30I1BLI" failures="0" tests="4" name="GowriPrabhu.Test.PO_Creation" time="149.139" errors="0" timestamp="2025-03-13T16:17:42 IST" skipped="1">
  <testcase classname="GowriPrabhu.Test.PO_Creation" name="CreatePurchaseOrder" time="40.834"/>
  <testcase classname="GowriPrabhu.Test.PO_Creation" name="CreatePurchaseOrder" time="58.199">
    <skipped/>
  </testcase> <!-- CreatePurchaseOrder -->
  <testcase classname="GowriPrabhu.Test.PO_Creation" name="Approvals_for_PurchaseOrder_AfterEditing" time="29.101"/>
  <testcase classname="GowriPrabhu.Test.PO_Creation" name="LoginAsCPandConfirmAfterEditing" time="21.005"/>
</testsuite> <!-- GowriPrabhu.Test.PO_Creation -->
